<?xml version="1.0" encoding="UTF-8"?>
<!-- Generated by org.testng.reporters.JUnitXMLReporter -->
<testsuite hostname="CG-DTE-Student" name="childs 1" tests="6" failures="0" timestamp="12 Sep 2019 06:26:14 GMT" time="0.207" errors="0">
  <testcase name="test2" time="0.039" classname="testng.RunningBatches.Child1"/>
  <testcase name="test3" time="0.009" classname="testng.RunningBatches.Child1"/>
  <testcase name="test1" time="0.009" classname="testng.RunningBatches.Child1"/>
  <testcase name="testA" time="0.011" classname="testng.RunningBatches.Child2"/>
  <testcase name="testB" time="0.009" classname="testng.RunningBatches.Child2"/>
  <testcase name="testC" time="0.007" classname="testng.RunningBatches.Child2"/>
</testsuite> <!-- childs 1 -->
