<?xml version="1.0" encoding="UTF-8"?>
<!-- Generated by org.testng.reporters.JUnitXMLReporter -->
<testsuite hostname="CG-DTE-Student" name="childs 2" tests="6" failures="0" timestamp="12 Sep 2019 06:14:03 GMT" time="0.105" errors="0">
  <testcase name="testP" time="0.01" classname="testng.RunningBatches.Child3"/>
  <testcase name="testQ" time="0.013" classname="testng.RunningBatches.Child3"/>
  <testcase name="testR" time="0.007" classname="testng.RunningBatches.Child3"/>
  <testcase name="testX" time="0.005" classname="testng.RunningBatches.Class4"/>
  <testcase name="testY" time="0.006" classname="testng.RunningBatches.Class4"/>
  <testcase name="testZ" time="0.005" classname="testng.RunningBatches.Class4"/>
</testsuite> <!-- childs 2 -->
